TN:
SF:/Users/zhenyi/Documents/git/achart-stock/astock.js
FNF:0
FNH:0
DA:1,1
DA:3,1
DA:5,1
LF:3
LH:3
BRF:0
BRH:0
end_of_record
TN:
SF:/Users/zhenyi/Documents/git/achart-stock/src/candlestick.js
FN:18,Candlestick
FN:73,(anonymous_2)
FN:91,(anonymous_3)
FN:101,(anonymous_4)
FN:116,(anonymous_5)
FN:131,(anonymous_6)
FN:151,(anonymous_7)
FN:157,(anonymous_8)
FN:161,(anonymous_9)
FN:170,(anonymous_10)
FN:175,(anonymous_11)
FN:199,(anonymous_12)
FN:214,(anonymous_13)
FN:237,(anonymous_14)
FN:243,(anonymous_15)
FNF:15
FNH:12
FNDA:3,Candlestick
FNDA:3,(anonymous_2)
FNDA:0,(anonymous_3)
FNDA:0,(anonymous_4)
FNDA:3,(anonymous_5)
FNDA:0,(anonymous_6)
FNDA:8,(anonymous_7)
FNDA:346,(anonymous_8)
FNDA:346,(anonymous_9)
FNDA:3,(anonymous_10)
FNDA:522,(anonymous_11)
FNDA:522,(anonymous_12)
FNDA:522,(anonymous_13)
FNDA:3,(anonymous_14)
FNDA:522,(anonymous_15)
DA:7,1
DA:18,1
DA:19,3
DA:22,1
DA:70,1
DA:72,1
DA:74,3
DA:75,3
DA:77,3
DA:78,3
DA:79,3
DA:80,3
DA:81,1
DA:85,3
DA:92,0
DA:95,0
DA:97,0
DA:99,0
DA:101,0
DA:102,0
DA:103,0
DA:106,0
DA:107,0
DA:110,0
DA:113,0
DA:117,3
DA:122,3
DA:124,3
DA:132,0
DA:135,0
DA:139,0
DA:140,0
DA:141,0
DA:142,0
DA:143,0
DA:144,0
DA:146,0
DA:149,0
DA:152,8
DA:155,8
DA:157,4
DA:158,346
DA:161,4
DA:162,346
DA:163,346
DA:164,346
DA:167,8
DA:171,3
DA:173,3
DA:174,3
DA:175,3
DA:176,522
DA:177,522
DA:179,3
DA:182,3
DA:185,3
DA:186,3
DA:188,3
DA:189,3
DA:190,3
DA:193,3
DA:200,522
DA:203,522
DA:204,522
DA:206,1
DA:207,1
DA:210,522
DA:211,522
DA:215,522
DA:220,522
DA:221,522
DA:222,522
DA:223,522
DA:224,522
DA:225,522
DA:226,522
DA:229,522
DA:234,522
DA:238,3
DA:242,3
DA:243,3
DA:244,522
DA:246,522
DA:247,3
DA:249,519
DA:252,519
DA:253,134
DA:256,519
DA:257,8
DA:261,3
DA:262,0
DA:266,3
DA:267,0
DA:272,3
DA:276,1
LF:95
LH:72
BRDA:80,1,0,1
BRDA:80,1,1,2
BRDA:95,2,0,0
BRDA:95,2,1,0
BRDA:113,3,0,0
BRDA:113,3,1,0
BRDA:136,4,0,0
BRDA:136,4,1,0
BRDA:137,5,0,0
BRDA:137,5,1,0
BRDA:155,6,0,4
BRDA:155,6,1,4
BRDA:185,7,0,3
BRDA:185,7,1,0
BRDA:185,8,0,3
BRDA:185,8,1,3
BRDA:193,9,0,3
BRDA:193,9,1,3
BRDA:204,10,0,1
BRDA:204,10,1,521
BRDA:242,11,0,3
BRDA:242,11,1,0
BRDA:246,12,0,3
BRDA:246,12,1,519
BRDA:252,13,0,134
BRDA:252,13,1,385
BRDA:256,14,0,8
BRDA:256,14,1,511
BRDA:261,15,0,0
BRDA:261,15,1,3
BRDA:266,16,0,0
BRDA:266,16,1,3
BRF:32
BRH:20
end_of_record
TN:
SF:/Users/zhenyi/Documents/git/achart-stock/src/stock.js
FN:67,cloneObject
FN:74,cloneArray
FN:91,(anonymous_3)
FN:145,(anonymous_4)
FN:148,(anonymous_5)
FN:152,(anonymous_6)
FN:160,(anonymous_7)
FN:180,(anonymous_8)
FN:187,(anonymous_9)
FN:203,(anonymous_10)
FN:224,(anonymous_11)
FN:257,(anonymous_12)
FN:287,(anonymous_13)
FN:324,(anonymous_14)
FN:332,(anonymous_15)
FN:334,(anonymous_16)
FN:342,(anonymous_17)
FN:351,(anonymous_18)
FN:375,(anonymous_19)
FN:401,(anonymous_20)
FN:435,(anonymous_21)
FN:436,(anonymous_22)
FN:440,(anonymous_23)
FN:446,(anonymous_24)
FN:449,(anonymous_25)
FN:455,(anonymous_26)
FN:468,(anonymous_27)
FN:481,(anonymous_28)
FN:486,(anonymous_29)
FN:488,(anonymous_30)
FN:508,(anonymous_31)
FN:603,(anonymous_32)
FN:679,(anonymous_33)
FN:702,(anonymous_34)
FN:713,(anonymous_35)
FN:719,(anonymous_36)
FN:732,(anonymous_37)
FN:737,(anonymous_38)
FN:744,(anonymous_39)
FN:763,(anonymous_40)
FN:790,(anonymous_41)
FN:824,(anonymous_42)
FN:835,(anonymous_43)
FN:839,(anonymous_44)
FN:852,(anonymous_45)
FN:869,(anonymous_46)
FN:931,(anonymous_47)
FN:960,(anonymous_48)
FN:977,(anonymous_49)
FN:1012,(anonymous_50)
FN:1021,(anonymous_51)
FN:1025,(anonymous_52)
FN:1029,(anonymous_53)
FN:1038,(anonymous_54)
FN:1061,(anonymous_55)
FN:1074,(anonymous_56)
FN:1088,(anonymous_57)
FN:1103,(anonymous_58)
FN:1127,(anonymous_59)
FN:1131,(anonymous_60)
FN:1139,(anonymous_61)
FN:1148,(anonymous_62)
FN:1170,(anonymous_63)
FN:1174,(anonymous_64)
FN:1182,(anonymous_65)
FN:1192,(anonymous_66)
FN:1214,(anonymous_67)
FN:1234,(anonymous_68)
FN:1253,(anonymous_69)
FN:1258,(anonymous_70)
FNF:70
FNH:58
FNDA:20,cloneObject
FNDA:695,cloneArray
FNDA:5,(anonymous_3)
FNDA:616,(anonymous_4)
FNDA:117,(anonymous_5)
FNDA:5,(anonymous_6)
FNDA:5,(anonymous_7)
FNDA:1,(anonymous_8)
FNDA:2,(anonymous_9)
FNDA:4,(anonymous_10)
FNDA:5,(anonymous_11)
FNDA:5,(anonymous_12)
FNDA:5,(anonymous_13)
FNDA:5,(anonymous_14)
FNDA:8,(anonymous_15)
FNDA:18,(anonymous_16)
FNDA:10,(anonymous_17)
FNDA:5,(anonymous_18)
FNDA:5,(anonymous_19)
FNDA:5,(anonymous_20)
FNDA:5,(anonymous_21)
FNDA:0,(anonymous_22)
FNDA:0,(anonymous_23)
FNDA:0,(anonymous_24)
FNDA:0,(anonymous_25)
FNDA:0,(anonymous_26)
FNDA:0,(anonymous_27)
FNDA:0,(anonymous_28)
FNDA:0,(anonymous_29)
FNDA:0,(anonymous_30)
FNDA:5,(anonymous_31)
FNDA:5,(anonymous_32)
FNDA:5,(anonymous_33)
FNDA:62,(anonymous_34)
FNDA:9,(anonymous_35)
FNDA:14,(anonymous_36)
FNDA:18,(anonymous_37)
FNDA:38,(anonymous_38)
FNDA:28,(anonymous_39)
FNDA:26005,(anonymous_40)
FNDA:205,(anonymous_41)
FNDA:28,(anonymous_42)
FNDA:6880,(anonymous_43)
FNDA:0,(anonymous_44)
FNDA:3,(anonymous_45)
FNDA:3,(anonymous_46)
FNDA:9,(anonymous_47)
FNDA:5,(anonymous_48)
FNDA:5,(anonymous_49)
FNDA:6,(anonymous_50)
FNDA:1,(anonymous_51)
FNDA:1,(anonymous_52)
FNDA:1,(anonymous_53)
FNDA:1,(anonymous_54)
FNDA:1,(anonymous_55)
FNDA:1,(anonymous_56)
FNDA:1,(anonymous_57)
FNDA:3,(anonymous_58)
FNDA:0,(anonymous_59)
FNDA:1,(anonymous_60)
FNDA:1,(anonymous_61)
FNDA:11,(anonymous_62)
FNDA:0,(anonymous_63)
FNDA:1,(anonymous_64)
FNDA:1,(anonymous_65)
FNDA:33,(anonymous_66)
FNDA:19,(anonymous_67)
FNDA:19,(anonymous_68)
FNDA:1,(anonymous_69)
FNDA:1,(anonymous_70)
DA:1,1
DA:6,1
DA:8,1
DA:67,1
DA:68,20
DA:69,20
DA:70,146
DA:72,20
DA:74,1
DA:75,695
DA:76,695
DA:77,2540
DA:78,2530
DA:80,10
DA:83,695
DA:91,1
DA:92,5
DA:93,5
DA:96,1
DA:144,1
DA:146,616
DA:149,117
DA:150,117
DA:153,5
DA:154,5
DA:155,0
DA:157,5
DA:161,5
DA:164,5
DA:166,5
DA:168,5
DA:170,5
DA:172,5
DA:175,5
DA:181,1
DA:188,2
DA:196,2
DA:197,2
DA:198,1
DA:200,1
DA:203,2
DA:204,4
DA:207,2
DA:208,1
DA:214,1
DA:215,0
DA:217,1
DA:220,1
DA:225,5
DA:227,5
DA:228,5
DA:230,5
DA:238,5
DA:239,5
DA:241,5
DA:242,5
DA:244,5
DA:245,5
DA:248,5
DA:249,5
DA:250,2
DA:251,5
DA:252,5
DA:258,5
DA:264,5
DA:278,5
DA:279,5
DA:282,5
DA:284,5
DA:288,5
DA:296,5
DA:297,5
DA:298,2
DA:299,2
DA:300,5
DA:301,5
DA:308,5
DA:310,2
DA:311,2
DA:313,3
DA:319,3
DA:320,3
DA:325,5
DA:332,5
DA:333,8
DA:334,8
DA:335,18
DA:337,18
DA:338,10
DA:341,8
DA:342,8
DA:343,10
DA:345,8
DA:348,5
DA:352,5
DA:355,5
DA:358,5
DA:359,5
DA:361,5
DA:363,5
DA:367,5
DA:368,5
DA:370,5
DA:372,5
DA:376,5
DA:382,5
DA:383,5
DA:384,2
DA:399,2
DA:400,2
DA:401,2
DA:402,5
DA:406,5
DA:408,5
DA:409,5
DA:410,5
DA:412,0
DA:413,0
DA:415,5
DA:427,5
DA:430,2
DA:433,2
DA:435,2
DA:436,5
DA:437,0
DA:438,0
DA:439,0
DA:440,0
DA:441,0
DA:446,5
DA:447,0
DA:448,0
DA:449,0
DA:450,0
DA:455,5
DA:456,0
DA:457,0
DA:462,0
DA:464,0
DA:465,0
DA:466,0
DA:468,0
DA:469,0
DA:473,0
DA:482,0
DA:485,0
DA:486,0
DA:487,0
DA:488,0
DA:489,0
DA:492,0
DA:498,0
DA:501,0
DA:502,0
DA:503,0
DA:505,0
DA:509,5
DA:517,5
DA:530,5
DA:533,5
DA:540,5
DA:544,5
DA:550,5
DA:562,5
DA:564,5
DA:568,5
DA:575,5
DA:584,5
DA:587,5
DA:591,5
DA:600,5
DA:604,5
DA:612,5
DA:623,5
DA:625,5
DA:634,5
DA:636,5
DA:650,5
DA:652,5
DA:660,5
DA:662,5
DA:676,5
DA:680,5
DA:688,5
DA:691,5
DA:693,5
DA:696,5
DA:698,5
DA:699,5
DA:703,62
DA:706,62
DA:714,9
DA:715,9
DA:716,9
DA:720,14
DA:731,14
DA:732,14
DA:733,18
DA:736,18
DA:737,18
DA:738,38
DA:739,38
DA:740,28
DA:744,18
DA:745,28
DA:751,28
DA:752,6
DA:755,6
DA:756,6
DA:757,6
DA:758,6
DA:759,2
DA:761,6
DA:763,22
DA:764,26005
DA:767,26005
DA:768,7
DA:771,26005
DA:772,9339
DA:777,22
DA:778,3
DA:779,3
DA:780,3
DA:782,19
DA:786,22
DA:787,3
DA:790,3
DA:791,205
DA:794,205
DA:795,205
DA:796,205
DA:798,205
DA:809,28
DA:811,28
DA:813,18
DA:817,14
DA:818,14
DA:821,14
DA:825,28
DA:828,28
DA:829,28
DA:830,6
DA:833,6
DA:834,6
DA:835,6
DA:836,6880
DA:837,6880
DA:838,6880
DA:839,0
DA:840,0
DA:843,6880
DA:845,6880
DA:849,28
DA:853,3
DA:857,3
DA:859,1
DA:860,1
DA:862,1
DA:863,1
DA:866,3
DA:870,3
DA:879,3
DA:881,3
DA:882,345
DA:886,345
DA:887,115
DA:891,115
DA:892,115
DA:894,115
DA:896,115
DA:897,230
DA:898,115
DA:906,115
DA:907,230
DA:909,230
DA:911,230
DA:913,115
DA:914,115
DA:915,115
DA:919,115
DA:920,115
DA:922,115
DA:924,115
DA:928,3
DA:932,9
DA:940,9
DA:942,5
DA:944,5
DA:946,5
DA:949,9
DA:953,9
DA:955,9
DA:956,9
DA:957,9
DA:961,5
DA:968,5
DA:971,5
DA:974,5
DA:978,5
DA:1000,5
DA:1004,5
DA:1005,1
DA:1008,1
DA:1012,5
DA:1013,6
DA:1015,6
DA:1016,6
DA:1017,6
DA:1019,6
DA:1020,6
DA:1021,6
DA:1022,1
DA:1026,1
DA:1027,1
DA:1028,1
DA:1030,1
DA:1031,0
DA:1033,1
DA:1034,1
DA:1038,5
DA:1040,1
DA:1042,1
DA:1044,1
DA:1045,1
DA:1046,1
DA:1049,1
DA:1051,1
DA:1052,1
DA:1053,1
DA:1055,1
DA:1061,5
DA:1062,1
DA:1065,1
DA:1067,1
DA:1068,1
DA:1069,1
DA:1071,1
DA:1074,5
DA:1075,1
DA:1078,1
DA:1080,1
DA:1081,1
DA:1082,1
DA:1084,1
DA:1088,5
DA:1089,1
DA:1093,1
DA:1095,1
DA:1096,1
DA:1097,1
DA:1099,1
DA:1103,5
DA:1104,3
DA:1106,3
DA:1107,0
DA:1108,0
DA:1111,3
DA:1112,3
DA:1113,0
DA:1114,0
DA:1117,3
DA:1118,3
DA:1119,3
DA:1121,3
DA:1122,3
DA:1124,3
DA:1125,3
DA:1126,3
DA:1127,3
DA:1128,0
DA:1132,1
DA:1134,1
DA:1135,1
DA:1136,1
DA:1138,1
DA:1140,1
DA:1141,0
DA:1143,1
DA:1144,1
DA:1148,5
DA:1149,11
DA:1151,11
DA:1152,11
DA:1153,1
DA:1154,1
DA:1157,11
DA:1158,0
DA:1159,0
DA:1162,11
DA:1163,11
DA:1164,11
DA:1166,11
DA:1167,11
DA:1168,11
DA:1169,11
DA:1170,11
DA:1171,0
DA:1175,1
DA:1177,1
DA:1178,1
DA:1179,1
DA:1181,1
DA:1183,1
DA:1184,0
DA:1186,1
DA:1188,1
DA:1193,33
DA:1198,33
DA:1202,33
DA:1203,1
DA:1204,1
DA:1207,32
DA:1211,32
DA:1215,19
DA:1222,19
DA:1225,19
DA:1226,19
DA:1227,19
DA:1229,19
DA:1230,19
DA:1231,19
DA:1235,19
DA:1241,19
DA:1243,19
DA:1244,7
DA:1246,12
DA:1247,3
DA:1250,19
DA:1254,1
DA:1255,1
DA:1256,1
DA:1258,1
DA:1259,1
DA:1261,1
DA:1265,1
LF:435
LH:388
BRDA:77,1,0,2530
BRDA:77,1,1,10
BRDA:154,2,0,0
BRDA:154,2,1,5
BRDA:191,3,0,2
BRDA:191,3,1,0
BRDA:197,4,0,1
BRDA:197,4,1,1
BRDA:207,5,0,1
BRDA:207,5,1,1
BRDA:214,6,0,0
BRDA:214,6,1,1
BRDA:217,7,0,0
BRDA:217,7,1,1
BRDA:220,8,0,0
BRDA:220,8,1,1
BRDA:227,9,0,5
BRDA:227,9,1,0
BRDA:227,9,2,0
BRDA:231,10,0,5
BRDA:231,10,1,0
BRDA:232,11,0,5
BRDA:232,11,1,0
BRDA:249,12,0,2
BRDA:249,12,1,3
BRDA:249,13,0,5
BRDA:249,13,1,2
BRDA:262,14,0,5
BRDA:262,14,1,0
BRDA:278,15,0,5
BRDA:278,15,1,0
BRDA:278,16,0,5
BRDA:278,16,1,5
BRDA:292,17,0,5
BRDA:292,17,1,0
BRDA:293,18,0,5
BRDA:293,18,1,0
BRDA:297,19,0,2
BRDA:297,19,1,3
BRDA:297,20,0,5
BRDA:297,20,1,2
BRDA:329,21,0,5
BRDA:329,21,1,1
BRDA:335,22,0,10
BRDA:335,22,1,8
BRDA:337,23,0,10
BRDA:337,23,1,8
BRDA:348,24,0,1
BRDA:348,24,1,4
BRDA:361,25,0,5
BRDA:361,25,1,0
BRDA:383,26,0,2
BRDA:383,26,1,3
BRDA:383,27,0,5
BRDA:383,27,1,2
BRDA:386,28,0,2
BRDA:386,28,1,0
BRDA:399,29,0,2
BRDA:399,29,1,0
BRDA:399,30,0,2
BRDA:399,30,1,2
BRDA:408,31,0,5
BRDA:408,31,1,0
BRDA:439,32,0,0
BRDA:439,32,1,0
BRDA:448,33,0,0
BRDA:448,33,1,0
BRDA:501,34,0,0
BRDA:501,34,1,0
BRDA:501,35,0,0
BRDA:501,35,1,0
BRDA:501,35,2,0
BRDA:501,35,3,0
BRDA:502,36,0,0
BRDA:502,36,1,0
BRDA:731,37,0,14
BRDA:731,37,1,0
BRDA:738,38,0,28
BRDA:738,38,1,10
BRDA:739,39,0,28
BRDA:739,39,1,10
BRDA:751,40,0,6
BRDA:751,40,1,22
BRDA:751,41,0,28
BRDA:751,41,1,6
BRDA:752,42,0,6
BRDA:752,42,1,0
BRDA:753,43,0,6
BRDA:753,43,1,0
BRDA:755,44,0,0
BRDA:755,44,1,6
BRDA:757,45,0,6
BRDA:757,45,1,0
BRDA:758,46,0,2
BRDA:758,46,1,4
BRDA:758,47,0,6
BRDA:758,47,1,6
BRDA:759,48,0,2
BRDA:759,48,1,0
BRDA:767,49,0,7
BRDA:767,49,1,25998
BRDA:771,50,0,9339
BRDA:771,50,1,16666
BRDA:771,51,0,26005
BRDA:771,51,1,25825
BRDA:771,51,2,12941
BRDA:771,51,3,12761
BRDA:777,52,0,3
BRDA:777,52,1,19
BRDA:777,53,0,22
BRDA:777,53,1,22
BRDA:777,53,2,3
BRDA:786,54,0,3
BRDA:786,54,1,19
BRDA:794,55,0,45
BRDA:794,55,1,160
BRDA:795,56,0,205
BRDA:795,56,1,0
BRDA:809,57,0,22
BRDA:809,57,1,6
BRDA:821,58,0,14
BRDA:821,58,1,7
BRDA:829,59,0,6
BRDA:829,59,1,22
BRDA:833,60,0,6
BRDA:833,60,1,0
BRDA:838,61,0,0
BRDA:838,61,1,6880
BRDA:855,62,0,3
BRDA:855,62,1,2
BRDA:857,63,0,1
BRDA:857,63,1,1
BRDA:879,64,0,3
BRDA:879,64,1,0
BRDA:886,65,0,115
BRDA:886,65,1,230
BRDA:897,66,0,115
BRDA:897,66,1,115
BRDA:914,67,0,115
BRDA:914,67,1,0
BRDA:928,68,0,0
BRDA:928,68,1,3
BRDA:940,69,0,5
BRDA:940,69,1,4
BRDA:949,70,0,9
BRDA:949,70,1,1
BRDA:949,71,0,7
BRDA:949,71,1,2
BRDA:950,72,0,9
BRDA:950,72,1,1
BRDA:950,73,0,7
BRDA:950,73,1,2
BRDA:1004,74,0,1
BRDA:1004,74,1,4
BRDA:1004,75,0,5
BRDA:1004,75,1,1
BRDA:1019,76,0,6
BRDA:1019,76,1,0
BRDA:1020,77,0,6
BRDA:1020,77,1,0
BRDA:1030,78,0,0
BRDA:1030,78,1,1
BRDA:1040,79,0,0
BRDA:1040,79,1,1
BRDA:1044,80,0,1
BRDA:1044,80,1,0
BRDA:1044,81,0,1
BRDA:1044,81,1,1
BRDA:1045,82,0,1
BRDA:1045,82,1,0
BRDA:1045,83,0,1
BRDA:1045,83,1,0
BRDA:1045,83,2,1
BRDA:1093,84,0,0
BRDA:1093,84,1,1
BRDA:1106,85,0,0
BRDA:1106,85,1,3
BRDA:1112,86,0,0
BRDA:1112,86,1,3
BRDA:1125,87,0,3
BRDA:1125,87,1,0
BRDA:1126,88,0,2
BRDA:1126,88,1,1
BRDA:1140,89,0,0
BRDA:1140,89,1,1
BRDA:1152,90,0,1
BRDA:1152,90,1,10
BRDA:1157,91,0,0
BRDA:1157,91,1,11
BRDA:1168,92,0,11
BRDA:1168,92,1,0
BRDA:1169,93,0,11
BRDA:1169,93,1,0
BRDA:1183,94,0,0
BRDA:1183,94,1,1
BRDA:1202,95,0,1
BRDA:1202,95,1,32
BRDA:1243,96,0,7
BRDA:1243,96,1,12
BRDA:1246,97,0,3
BRDA:1246,97,1,9
BRF:201
BRH:144
end_of_record
